This file contains any messages produced by compilers while
running configure, to aid debugging if configure makes a mistake.

It was created by DGen/SDL configure 1.32, which was
generated by GNU Autoconf 2.68.  Invocation command line was

  $ ./configure --with-libarchive --disable-opengl --no-create --no-recursion

## --------- ##
## Platform. ##
## --------- ##

hostname = raspberrypi
uname -m = armv6l
uname -r = 3.12.22+
uname -s = Linux
uname -v = #691 PREEMPT Wed Jun 18 18:29:58 BST 2014

/usr/bin/uname -p = unknown
/bin/uname -X     = unknown

/bin/arch              = unknown
/usr/bin/arch -k       = unknown
/usr/convex/getsysinfo = unknown
/usr/bin/hostinfo      = unknown
/bin/machine           = unknown
/usr/bin/oslevel       = unknown
/bin/universe          = unknown

PATH: /usr/local/sbin
PATH: /usr/local/bin
PATH: /usr/sbin
PATH: /usr/bin
PATH: /sbin
PATH: /bin
PATH: /usr/local/games
PATH: /usr/games


## ----------- ##
## Core tests. ##
## ----------- ##

configure:2382: checking build system type
configure:2396: result: armv6l-unknown-linux-gnueabi
configure:2416: checking host system type
configure:2429: result: armv6l-unknown-linux-gnueabi
configure:2449: checking target system type
configure:2462: result: armv6l-unknown-linux-gnueabi
configure:2506: checking for a BSD-compatible install
configure:2574: result: /usr/bin/install -c
configure:2585: checking whether build environment is sane
configure:2635: result: yes
configure:2776: checking for a thread-safe mkdir -p
configure:2815: result: /bin/mkdir -p
configure:2828: checking for gawk
configure:2858: result: no
configure:2828: checking for mawk
configure:2844: found /usr/bin/mawk
configure:2855: result: mawk
configure:2866: checking whether make sets $(MAKE)
configure:2888: result: yes
configure:3004: checking for style of include used by make
configure:3032: result: GNU
configure:3102: checking for gcc
configure:3118: found /usr/bin/gcc
configure:3129: result: gcc
configure:3358: checking for C compiler version
configure:3367: gcc --version >&5
gcc (Debian 4.6.3-14+rpi1) 4.6.3
Copyright (C) 2011 Free Software Foundation, Inc.
This is free software; see the source for copying conditions.  There is NO
warranty; not even for MERCHANTABILITY or FITNESS FOR A PARTICULAR PURPOSE.

configure:3378: $? = 0
configure:3367: gcc -v >&5
Using built-in specs.
COLLECT_GCC=gcc
COLLECT_LTO_WRAPPER=/usr/lib/gcc/arm-linux-gnueabihf/4.6/lto-wrapper
Target: arm-linux-gnueabihf
Configured with: ../src/configure -v --with-pkgversion='Debian 4.6.3-14+rpi1' --with-bugurl=file:///usr/share/doc/gcc-4.6/README.Bugs --enable-languages=c,c++,fortran,objc,obj-c++ --prefix=/usr --program-suffix=-4.6 --enable-shared --enable-linker-build-id --with-system-zlib --libexecdir=/usr/lib --without-included-gettext --enable-threads=posix --with-gxx-include-dir=/usr/include/c++/4.6 --libdir=/usr/lib --enable-nls --with-sysroot=/ --enable-clocale=gnu --enable-libstdcxx-debug --enable-libstdcxx-time=yes --enable-gnu-unique-object --enable-plugin --enable-objc-gc --disable-sjlj-exceptions --with-arch=armv6 --with-fpu=vfp --with-float=hard --enable-checking=release --build=arm-linux-gnueabihf --host=arm-linux-gnueabihf --target=arm-linux-gnueabihf
Thread model: posix
gcc version 4.6.3 (Debian 4.6.3-14+rpi1) 
configure:3378: $? = 0
configure:3367: gcc -V >&5
gcc: error: unrecognized option '-V'
gcc: fatal error: no input files
compilation terminated.
configure:3378: $? = 4
configure:3367: gcc -qversion >&5
gcc: error: unrecognized option '-qversion'
gcc: fatal error: no input files
compilation terminated.
configure:3378: $? = 4
configure:3398: checking whether the C compiler works
configure:3420: gcc    conftest.c  >&5
configure:3424: $? = 0
configure:3472: result: yes
configure:3475: checking for C compiler default output file name
configure:3477: result: a.out
configure:3483: checking for suffix of executables
configure:3490: gcc -o conftest    conftest.c  >&5
configure:3494: $? = 0
configure:3516: result: 
configure:3538: checking whether we are cross compiling
configure:3546: gcc -o conftest    conftest.c  >&5
configure:3550: $? = 0
configure:3557: ./conftest
configure:3561: $? = 0
configure:3576: result: no
configure:3581: checking for suffix of object files
configure:3603: gcc -c   conftest.c >&5
configure:3607: $? = 0
configure:3628: result: o
configure:3632: checking whether we are using the GNU C compiler
configure:3651: gcc -c   conftest.c >&5
configure:3651: $? = 0
configure:3660: result: yes
configure:3669: checking whether gcc accepts -g
configure:3689: gcc -c -g  conftest.c >&5
configure:3689: $? = 0
configure:3730: result: yes
configure:3747: checking for gcc option to accept ISO C89
configure:3811: gcc  -c -g -O2  conftest.c >&5
configure:3811: $? = 0
configure:3824: result: none needed
configure:3846: checking dependency style of gcc
configure:3956: result: gcc3
configure:3980: checking dependency style of gcc
configure:4088: result: gcc3
configure:4152: checking for gcc
configure:4179: result: gcc
configure:4408: checking for C compiler version
configure:4417: gcc --version >&5
gcc (Debian 4.6.3-14+rpi1) 4.6.3
Copyright (C) 2011 Free Software Foundation, Inc.
This is free software; see the source for copying conditions.  There is NO
warranty; not even for MERCHANTABILITY or FITNESS FOR A PARTICULAR PURPOSE.

configure:4428: $? = 0
configure:4417: gcc -v >&5
Using built-in specs.
COLLECT_GCC=gcc
COLLECT_LTO_WRAPPER=/usr/lib/gcc/arm-linux-gnueabihf/4.6/lto-wrapper
Target: arm-linux-gnueabihf
Configured with: ../src/configure -v --with-pkgversion='Debian 4.6.3-14+rpi1' --with-bugurl=file:///usr/share/doc/gcc-4.6/README.Bugs --enable-languages=c,c++,fortran,objc,obj-c++ --prefix=/usr --program-suffix=-4.6 --enable-shared --enable-linker-build-id --with-system-zlib --libexecdir=/usr/lib --without-included-gettext --enable-threads=posix --with-gxx-include-dir=/usr/include/c++/4.6 --libdir=/usr/lib --enable-nls --with-sysroot=/ --enable-clocale=gnu --enable-libstdcxx-debug --enable-libstdcxx-time=yes --enable-gnu-unique-object --enable-plugin --enable-objc-gc --disable-sjlj-exceptions --with-arch=armv6 --with-fpu=vfp --with-float=hard --enable-checking=release --build=arm-linux-gnueabihf --host=arm-linux-gnueabihf --target=arm-linux-gnueabihf
Thread model: posix
gcc version 4.6.3 (Debian 4.6.3-14+rpi1) 
configure:4428: $? = 0
configure:4417: gcc -V >&5
gcc: error: unrecognized option '-V'
gcc: fatal error: no input files
compilation terminated.
configure:4428: $? = 4
configure:4417: gcc -qversion >&5
gcc: error: unrecognized option '-qversion'
gcc: fatal error: no input files
compilation terminated.
configure:4428: $? = 4
configure:4432: checking whether we are using the GNU C compiler
configure:4460: result: yes
configure:4469: checking whether gcc accepts -g
configure:4530: result: yes
configure:4547: checking for gcc option to accept ISO C89
configure:4624: result: none needed
configure:4646: checking dependency style of gcc
configure:4756: result: gcc3
configure:4771: checking for gcc option to accept ISO C99
configure:4920: gcc  -c -g -O2  conftest.c >&5
conftest.c:61:29: error: expected ';', ',' or ')' before 'text'
conftest.c: In function 'main':
conftest.c:115:18: error: expected '=', ',', ';', 'asm' or '__attribute__' before 'newvar'
conftest.c:115:18: error: 'newvar' undeclared (first use in this function)
conftest.c:115:18: note: each undeclared identifier is reported only once for each function it appears in
conftest.c:125:3: error: 'for' loop initial declarations are only allowed in C99 mode
conftest.c:125:3: note: use option -std=c99 or -std=gnu99 to compile your code
configure:4920: $? = 1
configure: failed program was:
| /* confdefs.h */
| #define PACKAGE_NAME "DGen/SDL"
| #define PACKAGE_TARNAME "dgen-sdl"
| #define PACKAGE_VERSION "1.32"
| #define PACKAGE_STRING "DGen/SDL 1.32"
| #define PACKAGE_BUGREPORT "zamaz@users.sourceforge.net"
| #define PACKAGE_URL "http://sourceforge.net/projects/dgen"
| #define PACKAGE "dgen-sdl"
| #define VERSION "1.32"
| /* end confdefs.h.  */
| #include <stdarg.h>
| #include <stdbool.h>
| #include <stdlib.h>
| #include <wchar.h>
| #include <stdio.h>
| 
| // Check varargs macros.  These examples are taken from C99 6.10.3.5.
| #define debug(...) fprintf (stderr, __VA_ARGS__)
| #define showlist(...) puts (#__VA_ARGS__)
| #define report(test,...) ((test) ? puts (#test) : printf (__VA_ARGS__))
| static void
| test_varargs_macros (void)
| {
|   int x = 1234;
|   int y = 5678;
|   debug ("Flag");
|   debug ("X = %d\n", x);
|   showlist (The first, second, and third items.);
|   report (x>y, "x is %d but y is %d", x, y);
| }
| 
| // Check long long types.
| #define BIG64 18446744073709551615ull
| #define BIG32 4294967295ul
| #define BIG_OK (BIG64 / BIG32 == 4294967297ull && BIG64 % BIG32 == 0)
| #if !BIG_OK
|   your preprocessor is broken;
| #endif
| #if BIG_OK
| #else
|   your preprocessor is broken;
| #endif
| static long long int bignum = -9223372036854775807LL;
| static unsigned long long int ubignum = BIG64;
| 
| struct incomplete_array
| {
|   int datasize;
|   double data[];
| };
| 
| struct named_init {
|   int number;
|   const wchar_t *name;
|   double average;
| };
| 
| typedef const char *ccp;
| 
| static inline int
| test_restrict (ccp restrict text)
| {
|   // See if C++-style comments work.
|   // Iterate through items via the restricted pointer.
|   // Also check for declarations in for loops.
|   for (unsigned int i = 0; *(text+i) != '\0'; ++i)
|     continue;
|   return 0;
| }
| 
| // Check varargs and va_copy.
| static void
| test_varargs (const char *format, ...)
| {
|   va_list args;
|   va_start (args, format);
|   va_list args_copy;
|   va_copy (args_copy, args);
| 
|   const char *str;
|   int number;
|   float fnumber;
| 
|   while (*format)
|     {
|       switch (*format++)
| 	{
| 	case 's': // string
| 	  str = va_arg (args_copy, const char *);
| 	  break;
| 	case 'd': // int
| 	  number = va_arg (args_copy, int);
| 	  break;
| 	case 'f': // float
| 	  fnumber = va_arg (args_copy, double);
| 	  break;
| 	default:
| 	  break;
| 	}
|     }
|   va_end (args_copy);
|   va_end (args);
| }
| 
| int
| main ()
| {
| 
|   // Check bool.
|   _Bool success = false;
| 
|   // Check restrict.
|   if (test_restrict ("String literal") == 0)
|     success = true;
|   char *restrict newvar = "Another string";
| 
|   // Check varargs.
|   test_varargs ("s, d' f .", "string", 65, 34.234);
|   test_varargs_macros ();
| 
|   // Check flexible array members.
|   struct incomplete_array *ia =
|     malloc (sizeof (struct incomplete_array) + (sizeof (double) * 10));
|   ia->datasize = 10;
|   for (int i = 0; i < ia->datasize; ++i)
|     ia->data[i] = i * 1.234;
| 
|   // Check named initializers.
|   struct named_init ni = {
|     .number = 34,
|     .name = L"Test wide string",
|     .average = 543.34343,
|   };
| 
|   ni.number = 58;
| 
|   int dynamic_array[ni.number];
|   dynamic_array[ni.number - 1] = 543;
| 
|   // work around unused variable warnings
|   return (!success || bignum == 0LL || ubignum == 0uLL || newvar[0] == 'x'
| 	  || dynamic_array[ni.number - 1] != 543);
| 
|   ;
|   return 0;
| }
configure:4920: gcc -std=gnu99 -c -g -O2  conftest.c >&5
configure:4920: $? = 0
configure:4940: result: -std=gnu99
configure:4953: checking how to run the C preprocessor
configure:4984: gcc -std=gnu99 -E  conftest.c
configure:4984: $? = 0
configure:4998: gcc -std=gnu99 -E  conftest.c
conftest.c:11:28: fatal error: ac_nonexistent.h: No such file or directory
compilation terminated.
configure:4998: $? = 1
configure: failed program was:
| /* confdefs.h */
| #define PACKAGE_NAME "DGen/SDL"
| #define PACKAGE_TARNAME "dgen-sdl"
| #define PACKAGE_VERSION "1.32"
| #define PACKAGE_STRING "DGen/SDL 1.32"
| #define PACKAGE_BUGREPORT "zamaz@users.sourceforge.net"
| #define PACKAGE_URL "http://sourceforge.net/projects/dgen"
| #define PACKAGE "dgen-sdl"
| #define VERSION "1.32"
| /* end confdefs.h.  */
| #include <ac_nonexistent.h>
configure:5023: result: gcc -std=gnu99 -E
configure:5043: gcc -std=gnu99 -E  conftest.c
configure:5043: $? = 0
configure:5057: gcc -std=gnu99 -E  conftest.c
conftest.c:11:28: fatal error: ac_nonexistent.h: No such file or directory
compilation terminated.
configure:5057: $? = 1
configure: failed program was:
| /* confdefs.h */
| #define PACKAGE_NAME "DGen/SDL"
| #define PACKAGE_TARNAME "dgen-sdl"
| #define PACKAGE_VERSION "1.32"
| #define PACKAGE_STRING "DGen/SDL 1.32"
| #define PACKAGE_BUGREPORT "zamaz@users.sourceforge.net"
| #define PACKAGE_URL "http://sourceforge.net/projects/dgen"
| #define PACKAGE "dgen-sdl"
| #define VERSION "1.32"
| /* end confdefs.h.  */
| #include <ac_nonexistent.h>
configure:5143: checking for g++
configure:5159: found /usr/bin/g++
configure:5170: result: g++
configure:5197: checking for C++ compiler version
configure:5206: g++ --version >&5
g++ (Debian 4.6.3-14+rpi1) 4.6.3
Copyright (C) 2011 Free Software Foundation, Inc.
This is free software; see the source for copying conditions.  There is NO
warranty; not even for MERCHANTABILITY or FITNESS FOR A PARTICULAR PURPOSE.

configure:5217: $? = 0
configure:5206: g++ -v >&5
Using built-in specs.
COLLECT_GCC=g++
COLLECT_LTO_WRAPPER=/usr/lib/gcc/arm-linux-gnueabihf/4.6/lto-wrapper
Target: arm-linux-gnueabihf
Configured with: ../src/configure -v --with-pkgversion='Debian 4.6.3-14+rpi1' --with-bugurl=file:///usr/share/doc/gcc-4.6/README.Bugs --enable-languages=c,c++,fortran,objc,obj-c++ --prefix=/usr --program-suffix=-4.6 --enable-shared --enable-linker-build-id --with-system-zlib --libexecdir=/usr/lib --without-included-gettext --enable-threads=posix --with-gxx-include-dir=/usr/include/c++/4.6 --libdir=/usr/lib --enable-nls --with-sysroot=/ --enable-clocale=gnu --enable-libstdcxx-debug --enable-libstdcxx-time=yes --enable-gnu-unique-object --enable-plugin --enable-objc-gc --disable-sjlj-exceptions --with-arch=armv6 --with-fpu=vfp --with-float=hard --enable-checking=release --build=arm-linux-gnueabihf --host=arm-linux-gnueabihf --target=arm-linux-gnueabihf
Thread model: posix
gcc version 4.6.3 (Debian 4.6.3-14+rpi1) 
configure:5217: $? = 0
configure:5206: g++ -V >&5
g++: error: unrecognized option '-V'
g++: fatal error: no input files
compilation terminated.
configure:5217: $? = 4
configure:5206: g++ -qversion >&5
g++: error: unrecognized option '-qversion'
g++: fatal error: no input files
compilation terminated.
configure:5217: $? = 4
configure:5221: checking whether we are using the GNU C++ compiler
configure:5240: g++ -c   conftest.cpp >&5
configure:5240: $? = 0
configure:5249: result: yes
configure:5258: checking whether g++ accepts -g
configure:5278: g++ -c -g  conftest.cpp >&5
configure:5278: $? = 0
configure:5319: result: yes
configure:5344: checking dependency style of g++
configure:5454: result: gcc3
configure:5474: checking how to run the C++ preprocessor
configure:5501: g++ -E  conftest.cpp
configure:5501: $? = 0
configure:5515: g++ -E  conftest.cpp
conftest.cpp:11:28: fatal error: ac_nonexistent.h: No such file or directory
compilation terminated.
configure:5515: $? = 1
configure: failed program was:
| /* confdefs.h */
| #define PACKAGE_NAME "DGen/SDL"
| #define PACKAGE_TARNAME "dgen-sdl"
| #define PACKAGE_VERSION "1.32"
| #define PACKAGE_STRING "DGen/SDL 1.32"
| #define PACKAGE_BUGREPORT "zamaz@users.sourceforge.net"
| #define PACKAGE_URL "http://sourceforge.net/projects/dgen"
| #define PACKAGE "dgen-sdl"
| #define VERSION "1.32"
| /* end confdefs.h.  */
| #include <ac_nonexistent.h>
configure:5540: result: g++ -E
configure:5560: g++ -E  conftest.cpp
configure:5560: $? = 0
configure:5574: g++ -E  conftest.cpp
conftest.cpp:11:28: fatal error: ac_nonexistent.h: No such file or directory
compilation terminated.
configure:5574: $? = 1
configure: failed program was:
| /* confdefs.h */
| #define PACKAGE_NAME "DGen/SDL"
| #define PACKAGE_TARNAME "dgen-sdl"
| #define PACKAGE_VERSION "1.32"
| #define PACKAGE_STRING "DGen/SDL 1.32"
| #define PACKAGE_BUGREPORT "zamaz@users.sourceforge.net"
| #define PACKAGE_URL "http://sourceforge.net/projects/dgen"
| #define PACKAGE "dgen-sdl"
| #define VERSION "1.32"
| /* end confdefs.h.  */
| #include <ac_nonexistent.h>
configure:5603: checking whether ln -s works
configure:5607: result: yes
configure:5657: checking for ranlib
configure:5673: found /usr/bin/ranlib
configure:5684: result: ranlib
configure:5707: checking whether make sets $(MAKE)
configure:5729: result: yes
configure:5748: checking for grep that handles long lines and -e
configure:5806: result: /bin/grep
configure:5811: checking for egrep
configure:5873: result: /bin/grep -E
configure:5878: checking for ANSI C header files
configure:5898: gcc -std=gnu99 -c -g -O2  conftest.c >&5
configure:5898: $? = 0
configure:5971: gcc -std=gnu99 -o conftest -g -O2   conftest.c  >&5
configure:5971: $? = 0
configure:5971: ./conftest
configure:5971: $? = 0
configure:5982: result: yes
configure:5995: checking for sys/types.h
configure:5995: gcc -std=gnu99 -c -g -O2  conftest.c >&5
configure:5995: $? = 0
configure:5995: result: yes
configure:5995: checking for sys/stat.h
configure:5995: gcc -std=gnu99 -c -g -O2  conftest.c >&5
configure:5995: $? = 0
configure:5995: result: yes
configure:5995: checking for stdlib.h
configure:5995: gcc -std=gnu99 -c -g -O2  conftest.c >&5
configure:5995: $? = 0
configure:5995: result: yes
configure:5995: checking for string.h
configure:5995: gcc -std=gnu99 -c -g -O2  conftest.c >&5
configure:5995: $? = 0
configure:5995: result: yes
configure:5995: checking for memory.h
configure:5995: gcc -std=gnu99 -c -g -O2  conftest.c >&5
configure:5995: $? = 0
configure:5995: result: yes
configure:5995: checking for strings.h
configure:5995: gcc -std=gnu99 -c -g -O2  conftest.c >&5
configure:5995: $? = 0
configure:5995: result: yes
configure:5995: checking for inttypes.h
configure:5995: gcc -std=gnu99 -c -g -O2  conftest.c >&5
configure:5995: $? = 0
configure:5995: result: yes
configure:5995: checking for stdint.h
configure:5995: gcc -std=gnu99 -c -g -O2  conftest.c >&5
configure:5995: $? = 0
configure:5995: result: yes
configure:5995: checking for unistd.h
configure:5995: gcc -std=gnu99 -c -g -O2  conftest.c >&5
configure:5995: $? = 0
configure:5995: result: yes
configure:6007: checking whether byte ordering is bigendian
configure:6022: gcc -std=gnu99 -c -g -O2  conftest.c >&5
conftest.c:22:9: error: unknown type name 'not'
conftest.c:22:15: error: expected '=', ',', ';', 'asm' or '__attribute__' before 'universal'
conftest.c:22:15: error: unknown type name 'universal'
configure:6022: $? = 1
configure: failed program was:
| /* confdefs.h */
| #define PACKAGE_NAME "DGen/SDL"
| #define PACKAGE_TARNAME "dgen-sdl"
| #define PACKAGE_VERSION "1.32"
| #define PACKAGE_STRING "DGen/SDL 1.32"
| #define PACKAGE_BUGREPORT "zamaz@users.sourceforge.net"
| #define PACKAGE_URL "http://sourceforge.net/projects/dgen"
| #define PACKAGE "dgen-sdl"
| #define VERSION "1.32"
| #define STDC_HEADERS 1
| #define HAVE_SYS_TYPES_H 1
| #define HAVE_SYS_STAT_H 1
| #define HAVE_STDLIB_H 1
| #define HAVE_STRING_H 1
| #define HAVE_MEMORY_H 1
| #define HAVE_STRINGS_H 1
| #define HAVE_INTTYPES_H 1
| #define HAVE_STDINT_H 1
| #define HAVE_UNISTD_H 1
| /* end confdefs.h.  */
| #ifndef __APPLE_CC__
| 	       not a universal capable compiler
| 	     #endif
| 	     typedef int dummy;
| 
configure:6067: gcc -std=gnu99 -c -g -O2  conftest.c >&5
configure:6067: $? = 0
configure:6085: gcc -std=gnu99 -c -g -O2  conftest.c >&5
conftest.c: In function 'main':
conftest.c:28:4: error: unknown type name 'not'
conftest.c:28:12: error: expected '=', ',', ';', 'asm' or '__attribute__' before 'endian'
configure:6085: $? = 1
configure: failed program was:
| /* confdefs.h */
| #define PACKAGE_NAME "DGen/SDL"
| #define PACKAGE_TARNAME "dgen-sdl"
| #define PACKAGE_VERSION "1.32"
| #define PACKAGE_STRING "DGen/SDL 1.32"
| #define PACKAGE_BUGREPORT "zamaz@users.sourceforge.net"
| #define PACKAGE_URL "http://sourceforge.net/projects/dgen"
| #define PACKAGE "dgen-sdl"
| #define VERSION "1.32"
| #define STDC_HEADERS 1
| #define HAVE_SYS_TYPES_H 1
| #define HAVE_SYS_STAT_H 1
| #define HAVE_STDLIB_H 1
| #define HAVE_STRING_H 1
| #define HAVE_MEMORY_H 1
| #define HAVE_STRINGS_H 1
| #define HAVE_INTTYPES_H 1
| #define HAVE_STDINT_H 1
| #define HAVE_UNISTD_H 1
| /* end confdefs.h.  */
| #include <sys/types.h>
| 		#include <sys/param.h>
| 
| int
| main ()
| {
| #if BYTE_ORDER != BIG_ENDIAN
| 		 not big endian
| 		#endif
| 
|   ;
|   return 0;
| }
configure:6213: result: no
configure:6361: checking for sdl-config
configure:6379: found /usr/bin/sdl-config
configure:6392: result: /usr/bin/sdl-config
configure:6402: checking for SDL - version >= 1.2.0
configure:6489: gcc -std=gnu99 -o conftest -g -O2 -I/usr/include/SDL -D_GNU_SOURCE=1 -D_REENTRANT   conftest.c  -L/usr/lib/arm-linux-gnueabihf -lSDL >&5
configure:6489: $? = 0
configure:6489: ./conftest
configure:6489: $? = 0
configure:6504: result: yes
configure:6579: checking for SDL_WM_ToggleFullScreen
configure:6579: gcc -std=gnu99 -o conftest -g -O2 -I/usr/include/SDL -D_GNU_SOURCE=1 -D_REENTRANT  -I/usr/include/SDL -D_GNU_SOURCE=1 -D_REENTRANT  conftest.c  -L/usr/lib/arm-linux-gnueabihf -lSDL >&5
configure:6579: $? = 0
configure:6579: result: yes
configure:6591: checking for ftello
configure:6591: gcc -std=gnu99 -o conftest -g -O2 -I/usr/include/SDL -D_GNU_SOURCE=1 -D_REENTRANT  -I/usr/include/SDL -D_GNU_SOURCE=1 -D_REENTRANT  conftest.c  -L/usr/lib/arm-linux-gnueabihf -lSDL >&5
configure:6591: $? = 0
configure:6591: result: yes
configure:6619: checking SDL_joystick.h usability
configure:6619: gcc -std=gnu99 -c -g -O2 -I/usr/include/SDL -D_GNU_SOURCE=1 -D_REENTRANT  -I/usr/include/SDL -D_GNU_SOURCE=1 -D_REENTRANT conftest.c >&5
configure:6619: $? = 0
configure:6619: result: yes
configure:6619: checking SDL_joystick.h presence
configure:6619: gcc -std=gnu99 -E  -I/usr/include/SDL -D_GNU_SOURCE=1 -D_REENTRANT conftest.c
configure:6619: $? = 0
configure:6619: result: yes
configure:6619: checking for SDL_joystick.h
configure:6619: result: yes
configure:6846: checking SDL_thread.h usability
configure:6846: gcc -std=gnu99 -c -g -O2 -I/usr/include/SDL -D_GNU_SOURCE=1 -D_REENTRANT  -I/usr/include/SDL -D_GNU_SOURCE=1 -D_REENTRANT conftest.c >&5
configure:6846: $? = 0
configure:6846: result: yes
configure:6846: checking SDL_thread.h presence
configure:6846: gcc -std=gnu99 -E  -I/usr/include/SDL -D_GNU_SOURCE=1 -D_REENTRANT conftest.c
configure:6846: $? = 0
configure:6846: result: yes
configure:6846: checking for SDL_thread.h
configure:6846: result: yes
configure:6875: checking archive.h usability
configure:6875: gcc -std=gnu99 -c -g -O2 -I/usr/include/SDL -D_GNU_SOURCE=1 -D_REENTRANT  -I/usr/include/SDL -D_GNU_SOURCE=1 -D_REENTRANT conftest.c >&5
configure:6875: $? = 0
configure:6875: result: yes
configure:6875: checking archive.h presence
configure:6875: gcc -std=gnu99 -E  -I/usr/include/SDL -D_GNU_SOURCE=1 -D_REENTRANT conftest.c
configure:6875: $? = 0
configure:6875: result: yes
configure:6875: checking for archive.h
configure:6875: result: yes
configure:6877: checking for archive_read_support_format_raw in -larchive
configure:6902: gcc -std=gnu99 -o conftest -g -O2 -I/usr/include/SDL -D_GNU_SOURCE=1 -D_REENTRANT  -I/usr/include/SDL -D_GNU_SOURCE=1 -D_REENTRANT  conftest.c -larchive   -L/usr/lib/arm-linux-gnueabihf -lSDL >&5
configure:6902: $? = 0
configure:6911: result: yes
configure:6933: checking glob.h usability
configure:6933: gcc -std=gnu99 -c -g -O2 -I/usr/include/SDL -D_GNU_SOURCE=1 -D_REENTRANT  -I/usr/include/SDL -D_GNU_SOURCE=1 -D_REENTRANT conftest.c >&5
configure:6933: $? = 0
configure:6933: result: yes
configure:6933: checking glob.h presence
configure:6933: gcc -std=gnu99 -E  -I/usr/include/SDL -D_GNU_SOURCE=1 -D_REENTRANT conftest.c
configure:6933: $? = 0
configure:6933: result: yes
configure:6933: checking for glob.h
configure:6933: result: yes
configure:6944: checking for main in -lshell32
configure:6963: gcc -std=gnu99 -o conftest -g -O2 -I/usr/include/SDL -D_GNU_SOURCE=1 -D_REENTRANT  -I/usr/include/SDL -D_GNU_SOURCE=1 -D_REENTRANT  conftest.c -lshell32  -larchive  -L/usr/lib/arm-linux-gnueabihf -lSDL >&5
/usr/bin/ld: cannot find -lshell32
collect2: ld returned 1 exit status
configure:6963: $? = 1
configure: failed program was:
| /* confdefs.h */
| #define PACKAGE_NAME "DGen/SDL"
| #define PACKAGE_TARNAME "dgen-sdl"
| #define PACKAGE_VERSION "1.32"
| #define PACKAGE_STRING "DGen/SDL 1.32"
| #define PACKAGE_BUGREPORT "zamaz@users.sourceforge.net"
| #define PACKAGE_URL "http://sourceforge.net/projects/dgen"
| #define PACKAGE "dgen-sdl"
| #define VERSION "1.32"
| #define STDC_HEADERS 1
| #define HAVE_SYS_TYPES_H 1
| #define HAVE_SYS_STAT_H 1
| #define HAVE_STDLIB_H 1
| #define HAVE_STRING_H 1
| #define HAVE_MEMORY_H 1
| #define HAVE_STRINGS_H 1
| #define HAVE_INTTYPES_H 1
| #define HAVE_STDINT_H 1
| #define HAVE_UNISTD_H 1
| #define HAVE_SDL_WM_TOGGLEFULLSCREEN 1
| #define HAVE_FTELLO 1
| #define HAVE_GLOB_H 1
| /* end confdefs.h.  */
| 
| 
| int
| main ()
| {
| return main ();
|   ;
|   return 0;
| }
configure:6972: result: no
configure:7045: ARM-specific ASM routines enabled
configure:7391: checking for doxygen
configure:7421: result: no
configure:7953: creating ./config.status
configure:9138:

Front-end
  OpenGL: no
  Joystick: yes
  Multi-threading: yes
  Crap TV filters: yes
  hqx filters: yes
  scale2x filters: yes
  Compressed ROMs: yes
  Debugger: no
  Debugging: no
  VDP debugging: no

CPU cores
  Musashi M68K: yes
  StarScream: no
  Cyclone: yes
  MZ80: yes
  CZ80: yes
  DrZ80: yes

ASM support (yes)
  x86 ASM
    MZ80: no
    MMX memcpy: no
    Crap TV filters: no
    Tiles: no
  ARM ASM
    Cyclone: yes
    DrZ80: yes

Doxygen documentation: no


## ---------------- ##
## Cache variables. ##
## ---------------- ##

ac_cv_build=armv6l-unknown-linux-gnueabi
ac_cv_c_bigendian=no
ac_cv_c_compiler_gnu=yes
ac_cv_cxx_compiler_gnu=yes
ac_cv_env_CCASFLAGS_set=
ac_cv_env_CCASFLAGS_value=
ac_cv_env_CCAS_set=
ac_cv_env_CCAS_value=
ac_cv_env_CCC_set=
ac_cv_env_CCC_value=
ac_cv_env_CC_set=
ac_cv_env_CC_value=
ac_cv_env_CFLAGS_set=
ac_cv_env_CFLAGS_value=
ac_cv_env_CPPFLAGS_set=
ac_cv_env_CPPFLAGS_value=
ac_cv_env_CPP_set=
ac_cv_env_CPP_value=
ac_cv_env_CXXCPP_set=
ac_cv_env_CXXCPP_value=
ac_cv_env_CXXFLAGS_set=
ac_cv_env_CXXFLAGS_value=
ac_cv_env_CXX_set=
ac_cv_env_CXX_value=
ac_cv_env_LDFLAGS_set=
ac_cv_env_LDFLAGS_value=
ac_cv_env_LIBS_set=
ac_cv_env_LIBS_value=
ac_cv_env_build_alias_set=
ac_cv_env_build_alias_value=
ac_cv_env_host_alias_set=
ac_cv_env_host_alias_value=
ac_cv_env_target_alias_set=
ac_cv_env_target_alias_value=
ac_cv_func_SDL_WM_ToggleFullScreen=yes
ac_cv_func_ftello=yes
ac_cv_header_SDL_joystick_h=yes
ac_cv_header_SDL_thread_h=yes
ac_cv_header_archive_h=yes
ac_cv_header_glob_h=yes
ac_cv_header_inttypes_h=yes
ac_cv_header_memory_h=yes
ac_cv_header_stdc=yes
ac_cv_header_stdint_h=yes
ac_cv_header_stdlib_h=yes
ac_cv_header_string_h=yes
ac_cv_header_strings_h=yes
ac_cv_header_sys_stat_h=yes
ac_cv_header_sys_types_h=yes
ac_cv_header_unistd_h=yes
ac_cv_host=armv6l-unknown-linux-gnueabi
ac_cv_lib_archive_archive_read_support_format_raw=yes
ac_cv_lib_shell32_main=no
ac_cv_objext=o
ac_cv_path_EGREP='/bin/grep -E'
ac_cv_path_GREP=/bin/grep
ac_cv_path_SDL_CONFIG=/usr/bin/sdl-config
ac_cv_path_install='/usr/bin/install -c'
ac_cv_path_mkdir=/bin/mkdir
ac_cv_prog_AWK=mawk
ac_cv_prog_CPP='gcc -std=gnu99 -E'
ac_cv_prog_CXXCPP='g++ -E'
ac_cv_prog_ac_ct_CC=gcc
ac_cv_prog_ac_ct_CXX=g++
ac_cv_prog_ac_ct_RANLIB=ranlib
ac_cv_prog_cc_c89=
ac_cv_prog_cc_c99=-std=gnu99
ac_cv_prog_cc_g=yes
ac_cv_prog_cxx_g=yes
ac_cv_prog_make_make_set=yes
ac_cv_target=armv6l-unknown-linux-gnueabi
am_cv_CCAS_dependencies_compiler_type=gcc3
am_cv_CC_dependencies_compiler_type=gcc3
am_cv_CXX_dependencies_compiler_type=gcc3

## ----------------- ##
## Output variables. ##
## ----------------- ##

ACLOCAL='${SHELL} /home/pi/pimame/emulators/dgen-sdl-1.32/missing --run aclocal-1.11'
AMDEPBACKSLASH='\'
AMDEP_FALSE='#'
AMDEP_TRUE=''
AMTAR='${SHELL} /home/pi/pimame/emulators/dgen-sdl-1.32/missing --run tar'
AM_BACKSLASH='\'
AM_DEFAULT_VERBOSITY='0'
AUTOCONF='${SHELL} /home/pi/pimame/emulators/dgen-sdl-1.32/missing --run autoconf'
AUTOHEADER='${SHELL} /home/pi/pimame/emulators/dgen-sdl-1.32/missing --run autoheader'
AUTOMAKE='${SHELL} /home/pi/pimame/emulators/dgen-sdl-1.32/missing --run automake-1.11'
AWK='mawk'
CC='gcc -std=gnu99'
CCAS='gcc'
CCASDEPMODE='depmode=gcc3'
CCASFLAGS='-g -O2'
CCDEPMODE='depmode=gcc3'
CC_FOR_BUILD='gcc -std=gnu99'
CFLAGS='-g -O2 -I/usr/include/SDL -D_GNU_SOURCE=1 -D_REENTRANT'
CFLAGS_B='CFLAGS'
CFLAGS_FOR_BUILD='-g -O2'
CPP='gcc -std=gnu99 -E'
CPPFLAGS=' -I/usr/include/SDL -D_GNU_SOURCE=1 -D_REENTRANT'
CPPFLAGS_B='CPPFLAGS'
CPPFLAGS_FOR_BUILD=''
CXX='g++'
CXXCPP='g++ -E'
CXXDEPMODE='depmode=gcc3'
CXXFLAGS='-g -O2'
CXXFLAGS_B='CXXFLAGS'
CXXFLAGS_FOR_BUILD='-g -O2'
CXX_FOR_BUILD='g++'
CYGPATH_W='echo'
DEFS='-DPACKAGE_NAME=\"DGen/SDL\" -DPACKAGE_TARNAME=\"dgen-sdl\" -DPACKAGE_VERSION=\"1.32\" -DPACKAGE_STRING=\"DGen/SDL\ 1.32\" -DPACKAGE_BUGREPORT=\"zamaz@users.sourceforge.net\" -DPACKAGE_URL=\"http://sourceforge.net/projects/dgen\" -DPACKAGE=\"dgen-sdl\" -DVERSION=\"1.32\" -DSTDC_HEADERS=1 -DHAVE_SYS_TYPES_H=1 -DHAVE_SYS_STAT_H=1 -DHAVE_STDLIB_H=1 -DHAVE_STRING_H=1 -DHAVE_MEMORY_H=1 -DHAVE_STRINGS_H=1 -DHAVE_INTTYPES_H=1 -DHAVE_STDINT_H=1 -DHAVE_UNISTD_H=1 -DHAVE_SDL_WM_TOGGLEFULLSCREEN=1 -DHAVE_FTELLO=1 -DHAVE_GLOB_H=1 -DWITH_LIBARCHIVE=1 -DNDEBUG=1 -DWITH_JOYSTICK=1 -DWITH_THREADS=1 -DWITH_MUSA=1 -DWITH_MZ80=1 -DWITH_CZ80=1 -DWITH_DRZ80=1 -DWITH_CYCLONE=1 -DWITH_ASM=1 -DWITH_CTV=1 -DWITH_HQX=1 -DWITH_SCALE2X=1'
DEPDIR='.deps'
DGEN_LIBS='-larchive  -L/usr/lib/arm-linux-gnueabihf -lSDL'
DOXYGEN=''
ECHO_C=''
ECHO_N='-n'
ECHO_T=''
EGREP='/bin/grep -E'
EXEEXT=''
EXEEXT_FOR_BUILD=''
GREP='/bin/grep'
INSTALL_DATA='${INSTALL} -m 644'
INSTALL_PROGRAM='${INSTALL}'
INSTALL_SCRIPT='${INSTALL}'
INSTALL_STRIP_PROGRAM='$(install_sh) -c -s'
LDFLAGS=''
LDFLAGS_B='LDFLAGS'
LDFLAGS_FOR_BUILD=''
LIBOBJS=''
LIBS='-larchive  '
LN_S='ln -s'
LTLIBOBJS=''
MAKEINFO='${SHELL} /home/pi/pimame/emulators/dgen-sdl-1.32/missing --run makeinfo'
MKDIR_P='/bin/mkdir -p'
NASM=''
NASM_FORMAT=''
OBJEXT='o'
OBJEXT_FOR_BUILD='o'
PACKAGE='dgen-sdl'
PACKAGE_BUGREPORT='zamaz@users.sourceforge.net'
PACKAGE_NAME='DGen/SDL'
PACKAGE_STRING='DGen/SDL 1.32'
PACKAGE_TARNAME='dgen-sdl'
PACKAGE_URL='http://sourceforge.net/projects/dgen'
PACKAGE_VERSION='1.32'
PATH_SEPARATOR=':'
RANLIB='ranlib'
SDL_CFLAGS='-I/usr/include/SDL -D_GNU_SOURCE=1 -D_REENTRANT'
SDL_CONFIG='/usr/bin/sdl-config'
SDL_LIBS='-L/usr/lib/arm-linux-gnueabihf -lSDL'
SET_MAKE=''
SHELL='/bin/bash'
STRIP=''
VERSION='1.32'
WITH_CTV_FALSE='#'
WITH_CTV_TRUE=''
WITH_CYCLONE_FALSE='#'
WITH_CYCLONE_TRUE=''
WITH_CZ80_FALSE='#'
WITH_CZ80_TRUE=''
WITH_DEBUGGER_FALSE=''
WITH_DEBUGGER_TRUE='#'
WITH_DEBUG_VDP_FALSE=''
WITH_DEBUG_VDP_TRUE='#'
WITH_DOXYGEN_FALSE=''
WITH_DOXYGEN_TRUE='#'
WITH_DRZ80_FALSE='#'
WITH_DRZ80_TRUE=''
WITH_HQX_FALSE='#'
WITH_HQX_TRUE=''
WITH_MUSA_FALSE='#'
WITH_MUSA_TRUE=''
WITH_MZ80_FALSE='#'
WITH_MZ80_TRUE=''
WITH_SCALE2X_FALSE='#'
WITH_SCALE2X_TRUE=''
WITH_STAR_FALSE=''
WITH_STAR_TRUE='#'
WITH_X86_ASM_FALSE=''
WITH_X86_ASM_TRUE='#'
WITH_X86_CTV_FALSE=''
WITH_X86_CTV_TRUE='#'
WITH_X86_MMX_FALSE=''
WITH_X86_MMX_TRUE='#'
WITH_X86_MZ80_FALSE=''
WITH_X86_MZ80_TRUE='#'
WITH_X86_TILES_FALSE=''
WITH_X86_TILES_TRUE='#'
ac_ct_CC='gcc'
ac_ct_CXX='g++'
am__EXEEXT_FALSE=''
am__EXEEXT_TRUE='#'
am__fastdepCCAS_FALSE='#'
am__fastdepCCAS_TRUE=''
am__fastdepCC_FALSE='#'
am__fastdepCC_TRUE=''
am__fastdepCXX_FALSE='#'
am__fastdepCXX_TRUE=''
am__include='include'
am__isrc=''
am__leading_dot='.'
am__quote=''
am__tar='${AMTAR} chof - "$$tardir"'
am__untar='${AMTAR} xf -'
bindir='${exec_prefix}/bin'
build='armv6l-unknown-linux-gnueabi'
build_alias=''
build_cpu='armv6l'
build_os='linux-gnueabi'
build_vendor='unknown'
datadir='${datarootdir}'
datarootdir='${prefix}/share'
docdir='${datarootdir}/doc/${PACKAGE_TARNAME}'
dvidir='${docdir}'
exec_prefix='${prefix}'
host='armv6l-unknown-linux-gnueabi'
host_alias=''
host_cpu='armv6l'
host_os='linux-gnueabi'
host_vendor='unknown'
htmldir='${docdir}'
includedir='${prefix}/include'
infodir='${datarootdir}/info'
install_sh='${SHELL} /home/pi/pimame/emulators/dgen-sdl-1.32/install-sh'
libdir='${exec_prefix}/lib'
libexecdir='${exec_prefix}/libexec'
localedir='${datarootdir}/locale'
localstatedir='${prefix}/var'
mandir='${datarootdir}/man'
mkdir_p='/bin/mkdir -p'
oldincludedir='/usr/include'
pdfdir='${docdir}'
prefix='/usr/local'
program_transform_name='s,x,x,'
psdir='${docdir}'
sbindir='${exec_prefix}/sbin'
sharedstatedir='${prefix}/com'
sysconfdir='${prefix}/etc'
target='armv6l-unknown-linux-gnueabi'
target_alias=''
target_cpu='armv6l'
target_os='linux-gnueabi'
target_vendor='unknown'

## ----------- ##
## confdefs.h. ##
## ----------- ##

/* confdefs.h */
#define PACKAGE_NAME "DGen/SDL"
#define PACKAGE_TARNAME "dgen-sdl"
#define PACKAGE_VERSION "1.32"
#define PACKAGE_STRING "DGen/SDL 1.32"
#define PACKAGE_BUGREPORT "zamaz@users.sourceforge.net"
#define PACKAGE_URL "http://sourceforge.net/projects/dgen"
#define PACKAGE "dgen-sdl"
#define VERSION "1.32"
#define STDC_HEADERS 1
#define HAVE_SYS_TYPES_H 1
#define HAVE_SYS_STAT_H 1
#define HAVE_STDLIB_H 1
#define HAVE_STRING_H 1
#define HAVE_MEMORY_H 1
#define HAVE_STRINGS_H 1
#define HAVE_INTTYPES_H 1
#define HAVE_STDINT_H 1
#define HAVE_UNISTD_H 1
#define HAVE_SDL_WM_TOGGLEFULLSCREEN 1
#define HAVE_FTELLO 1
#define HAVE_GLOB_H 1
#define WITH_LIBARCHIVE 1
#define NDEBUG 1
#define WITH_JOYSTICK 1
#define WITH_THREADS 1
#define WITH_MUSA 1
#define WITH_MZ80 1
#define WITH_CZ80 1
#define WITH_DRZ80 1
#define WITH_CYCLONE 1
#define WITH_ASM 1
#define WITH_CTV 1
#define WITH_HQX 1
#define WITH_SCALE2X 1

configure: exit 0

## ---------------------- ##
## Running config.status. ##
## ---------------------- ##

This file was extended by DGen/SDL config.status 1.32, which was
generated by GNU Autoconf 2.68.  Invocation command line was

  CONFIG_FILES    = 
  CONFIG_HEADERS  = 
  CONFIG_LINKS    = 
  CONFIG_COMMANDS = 
  $ ./config.status 

on raspberrypi

config.status:874: creating Makefile
config.status:874: creating star/Makefile
config.status:874: creating musa/Makefile
config.status:874: creating cyclone/Makefile
config.status:874: creating mz80/Makefile
config.status:874: creating sdl/Makefile
config.status:874: creating doc/Makefile
config.status:1046: executing depfiles commands
